2023-11-24 21:05:25,983 - root - INFO - User 0 from station 0 to station 3
2023-11-24 21:05:25,984 - root - INFO - User 0 requesting vehicle from station 0 at 320.3950683025824
2023-11-24 21:05:25,984 - root - INFO - Station 0 has 5 vehicles at 320.3950683025824
2023-11-24 21:05:25,984 - root - INFO - User 0 got vehicle 5 with battery 100% from station 0 at 320.3950683025824
2023-11-24 21:05:25,984 - root - INFO - User 1 from station 0 to station 3
2023-11-24 21:05:25,984 - root - INFO - User 1 requesting vehicle from station 0 at 320.41677639819284
2023-11-24 21:05:25,984 - root - INFO - Station 0 has 4 vehicles at 320.41677639819284
2023-11-24 21:05:25,984 - root - INFO - User 1 got vehicle 4 with battery 100% from station 0 at 320.41677639819284
2023-11-24 21:05:25,984 - root - INFO - User 1 with vehicle 4 arrived to station 3 in 5.318152439263972 using 20.203050891044214% battery
2023-11-24 21:05:25,984 - root - INFO - User 1 requesting lock in station 3 at 325.73492883745683
2023-11-24 21:05:25,984 - root - INFO - Station 3 has 7 vehicles at 325.73492883745683
2023-11-24 21:05:25,984 - root - INFO - User 1 locked vehicle 4 in station 3 at 325.73492883745683
2023-11-24 21:05:25,984 - root - INFO - User 1 finished
2023-11-24 21:05:25,984 - root - INFO - Charging vehicle 4 with battery 79.79694910895579% in station 3
2023-11-24 21:05:25,984 - root - INFO - User 0 with vehicle 5 arrived to station 3 in 7.235326905589722 using 20.203050891044214% battery
2023-11-24 21:05:25,984 - root - INFO - User 0 requesting lock in station 3 at 327.6303952081721
2023-11-24 21:05:25,984 - root - INFO - Station 3 has 8 vehicles at 327.6303952081721
2023-11-24 21:05:25,984 - root - INFO - Charging interrupted for vehicle 4 at 327.6303952081721
2023-11-24 21:05:25,984 - root - INFO - Charged vehicle 4 of 9.477331853576343% in station 3
2023-11-24 21:05:25,984 - root - INFO - User 0 locked vehicle 5 in station 3 at 327.6303952081721
2023-11-24 21:05:25,984 - root - INFO - User 0 finished
2023-11-24 21:05:25,985 - root - INFO - Charging vehicle 5 with battery 79.79694910895579% in station 3
2023-11-24 21:05:25,985 - root - INFO - Charging vehicle 4 with battery 89.27428096253213% in station 3
2023-11-24 21:05:25,985 - root - INFO - Charged vehicle 4 in 2.1451438074935747 unit of time
2023-11-24 21:05:25,985 - root - INFO - Charged vehicle 5 in 4.040610178208843 unit of time
2023-11-24 21:05:25,985 - root - INFO - User 2 from station 2 to station 1
2023-11-24 21:05:25,985 - root - INFO - User 2 requesting vehicle from station 2 at 517.0861069626262
2023-11-24 21:05:25,985 - root - INFO - Station 2 has 5 vehicles at 517.0861069626262
2023-11-24 21:05:25,985 - root - INFO - User 2 got vehicle 17 with battery 100% from station 2 at 517.0861069626262
2023-11-24 21:05:25,985 - root - INFO - User 2 with vehicle 17 arrived to station 1 in 5.926726663840264 using 20.203050891044214% battery
2023-11-24 21:05:25,985 - root - INFO - User 2 requesting lock in station 1 at 523.0128336264664
2023-11-24 21:05:25,985 - root - INFO - Station 1 has 7 vehicles at 523.0128336264664
2023-11-24 21:05:25,985 - root - INFO - User 2 locked vehicle 17 in station 1 at 523.0128336264664
2023-11-24 21:05:25,985 - root - INFO - User 2 finished
2023-11-24 21:05:25,985 - root - INFO - Charging vehicle 17 with battery 79.79694910895579% in station 1
2023-11-24 21:05:25,985 - root - INFO - Charged vehicle 17 in 4.040610178208843 unit of time
2023-11-24 21:05:25,985 - root - INFO - User 3 from station 1 to station 2
2023-11-24 21:05:25,985 - root - INFO - User 3 requesting vehicle from station 1 at 718.792635777333
2023-11-24 21:05:25,985 - root - INFO - User 4 from station 1 to station 2
2023-11-24 21:05:25,985 - root - INFO - User 4 requesting vehicle from station 1 at 838.7945476302646
2023-11-24 21:05:25,985 - root - INFO - User 5 from station 1 to station 2
2023-11-24 21:05:25,985 - root - INFO - User 5 requesting vehicle from station 1 at 1035.6428757689246
2023-11-24 21:05:25,985 - root - INFO - User 6 from station 3 to station 0
2023-11-24 21:05:25,985 - root - INFO - User 6 requesting vehicle from station 3 at 1086.3368
